<?xml version="1.0" encoding="UTF-8"?>
<testsuite xmlns:xsi="http://www.w3.org/2001/XMLSchema-instance" xsi:noNamespaceSchemaLocation="https://maven.apache.org/surefire/maven-surefire-plugin/xsd/surefire-test-report-3.0.xsd" version="3.0" name="com.testedti.AppTest" time="45.643" tests="5" errors="0" skipped="0" failures="0">
  <properties>
[...]
</properties>
  <testcase name="Acessar o site com credenciais válidas" classname="Login na loja" time="12.491">
    <system-out><![CDATA[
@Login
Cenário: Acessar o site com credenciais válidas                                                         &amp#27;[90m# src/test/resources/features/login.feature:7&amp#27;[0m
  &amp#27;[32mDado &amp#27;[0m&amp#27;[32mque acesso a página de login da pagina 'automation practice'&amp#27;[0m                                     &amp#27;[90m# com.testedti.steps.LoginSteps.que_acesso_a_página_de_login_da_pagina()&amp#27;[0m
  &amp#27;[32mQuando &amp#27;[0m&amp#27;[32mo usuário preencher os campos de email com &amp#27;[0m&amp#27;[32m&amp#27;[1m"lacerdaa.rodrigo@gmail.com"&amp#27;[0m&amp#27;[32m e senha com &amp#27;[0m&amp#27;[32m&amp#27;[1m"Teste123"&amp#27;[0m &amp#27;[90m# com.testedti.steps.LoginSteps.o_usuario_preencher_os_campos_de_email_com_e_senha_com(java.lang.String,java.lang.String)&amp#27;[0m
  &amp#27;[32mE &amp#27;[0m&amp#27;[32mclicar em "Sign in"&amp#27;[0m                                                                                 &amp#27;[90m# com.testedti.steps.LoginSteps.clicar_em_sign_in()&amp#27;[0m
  &amp#27;[32mEntão &amp#27;[0m&amp#27;[32mo usuário deve ser redirecionado para a pagina inicial&amp#27;[0m                                          &amp#27;[90m# com.testedti.steps.LoginSteps.o_usuario_deve_ser_redirecionado_para_a_pagina_inicial()&amp#27;[0m
]]></system-out>
    <system-err><![CDATA[SLF4J(W): No SLF4J providers were found.
SLF4J(W): Defaulting to no-operation (NOP) logger implementation
SLF4J(W): See https://www.slf4j.org/codes.html#noProviders for further details.
]]></system-err>
  </testcase>
  <testcase name="Login com Email Inválido" classname="Login na loja" time="7.802">
    <system-out><![CDATA[
@Login
Cenário: Login com Email Inválido                                                                     &amp#27;[90m# src/test/resources/features/login.feature:14&amp#27;[0m
  &amp#27;[32mDado &amp#27;[0m&amp#27;[32mque acesso a página de login da pagina 'automation practice'&amp#27;[0m                                   &amp#27;[90m# com.testedti.steps.LoginSteps.que_acesso_a_página_de_login_da_pagina()&amp#27;[0m
  &amp#27;[32mQuando &amp#27;[0m&amp#27;[32mo usuário preencher os campos de email com &amp#27;[0m&amp#27;[32m&amp#27;[1m"lacerdaa.teste@gmail.com"&amp#27;[0m&amp#27;[32m e senha com &amp#27;[0m&amp#27;[32m&amp#27;[1m"Teste123"&amp#27;[0m &amp#27;[90m# com.testedti.steps.LoginSteps.o_usuario_preencher_os_campos_de_email_com_e_senha_com(java.lang.String,java.lang.String)&amp#27;[0m
  &amp#27;[32mE &amp#27;[0m&amp#27;[32mclicar em "Sign in"&amp#27;[0m                                                                               &amp#27;[90m# com.testedti.steps.LoginSteps.clicar_em_sign_in()&amp#27;[0m
  &amp#27;[32mEntão &amp#27;[0m&amp#27;[32ma mensagem &amp#27;[0m&amp#27;[32m&amp#27;[1m"Authentication failed."&amp#27;[0m&amp#27;[32m deve ser exibida&amp#27;[0m                                          &amp#27;[90m# com.testedti.steps.LoginSteps.a_mensagem_deve_ser_exibida(java.lang.String)&amp#27;[0m
]]></system-out>
  </testcase>
  <testcase name="Login com Senha Inválida" classname="Login na loja" time="8.61">
    <system-out><![CDATA[
@Login
Cenário: Login com Senha Inválida                                                                   &amp#27;[90m# src/test/resources/features/login.feature:21&amp#27;[0m
  &amp#27;[32mDado &amp#27;[0m&amp#27;[32mque acesso a página de login da pagina 'automation practice'&amp#27;[0m                                 &amp#27;[90m# com.testedti.steps.LoginSteps.que_acesso_a_página_de_login_da_pagina()&amp#27;[0m
  &amp#27;[32mQuando &amp#27;[0m&amp#27;[32mo usuário preencher os campos de email com &amp#27;[0m&amp#27;[32m&amp#27;[1m"lacerdaa.rodrigo@gmail.com"&amp#27;[0m&amp#27;[32m e senha com &amp#27;[0m&amp#27;[32m&amp#27;[1m"1234"&amp#27;[0m &amp#27;[90m# com.testedti.steps.LoginSteps.o_usuario_preencher_os_campos_de_email_com_e_senha_com(java.lang.String,java.lang.String)&amp#27;[0m
  &amp#27;[32mE &amp#27;[0m&amp#27;[32mclicar em "Sign in"&amp#27;[0m                                                                             &amp#27;[90m# com.testedti.steps.LoginSteps.clicar_em_sign_in()&amp#27;[0m
  &amp#27;[32mEntão &amp#27;[0m&amp#27;[32ma mensagem senha invalida &amp#27;[0m&amp#27;[32m&amp#27;[1m"Invalid password."&amp#27;[0m&amp#27;[32m deve ser exibida&amp#27;[0m                              &amp#27;[90m# com.testedti.steps.LoginSteps.a_mensagem_senha_invalida_deve_ser_exibida(java.lang.String)&amp#27;[0m
]]></system-out>
  </testcase>
  <testcase name="Clicar botão &apos;Sign in&apos; sem preencher email e senha" classname="Login na loja" time="8.786">
    <system-out><![CDATA[
@Login
Cenário: Clicar botão 'Sign in' sem preencher email e senha         &amp#27;[90m# src/test/resources/features/login.feature:28&amp#27;[0m
  &amp#27;[32mDado &amp#27;[0m&amp#27;[32mque acesso a página de login da pagina 'automation practice'&amp#27;[0m &amp#27;[90m# com.testedti.steps.LoginSteps.que_acesso_a_página_de_login_da_pagina()&amp#27;[0m
  &amp#27;[32mE &amp#27;[0m&amp#27;[32mclicar em "Sign in"&amp#27;[0m                                             &amp#27;[90m# com.testedti.steps.LoginSteps.clicar_em_sign_in()&amp#27;[0m
  &amp#27;[32mEntão &amp#27;[0m&amp#27;[32mdeve mostrar a mensagem "An email address required."&amp#27;[0m        &amp#27;[90m# com.testedti.steps.LoginSteps.deve_mostrar_a_mensagem_an_email_address_required()&amp#27;[0m
]]></system-out>
  </testcase>
  <testcase name="Esqueceu a Senha" classname="Login na loja" time="7.71">
    <system-out><![CDATA[
@Login
Cenário: Esqueceu a Senha                                           &amp#27;[90m# src/test/resources/features/login.feature:34&amp#27;[0m
  &amp#27;[32mDado &amp#27;[0m&amp#27;[32mque acesso a página de login da pagina 'automation practice'&amp#27;[0m &amp#27;[90m# com.testedti.steps.LoginSteps.que_acesso_a_página_de_login_da_pagina()&amp#27;[0m
  &amp#27;[32mQuando &amp#27;[0m&amp#27;[32mclico no texto &amp#27;[0m&amp#27;[32m&amp#27;[1m"Forgot your password?"&amp#27;[0m                     &amp#27;[90m# com.testedti.steps.LoginSteps.clico_no_texto(java.lang.String)&amp#27;[0m
  &amp#27;[32mEntão &amp#27;[0m&amp#27;[32mdevo ser redirecionado para a pagina de recuperar a senha&amp#27;[0m   &amp#27;[90m# com.testedti.steps.LoginSteps.devo_ser_redirecionado_para_a_pagina_de_recuperar_a_senha()&amp#27;[0m
]]></system-out>
  </testcase>
</testsuite>